/home/starc/miniconda3/envs/robo/lib/python3.8/site-packages/torch/nn/functional.py:1639: UserWarning: nn.functional.sigmoid is deprecated. Use torch.sigmoid instead.
  warnings.warn("nn.functional.sigmoid is deprecated. Use torch.sigmoid instead.")
Process Process-18:
Traceback (most recent call last):
  File "/home/starc/miniconda3/envs/robo/lib/python3.8/multiprocessing/process.py", line 315, in _bootstrap
    self.run()
  File "/home/starc/miniconda3/envs/robo/lib/python3.8/multiprocessing/process.py", line 108, in run
    self._target(*self._args, **self._kwargs)
  File "traincontroller.py", line 100, in slave_routine
    r_queue.put((s_id, r_gen.rollout(params)))
  File "/home/starc/Robotics/transformers-wm/utils/misc.py", line 206, in rollout
    if self.test_save_directory is not None:
  File "/home/starc/miniconda3/envs/robo/lib/python3.8/site-packages/gym/wrappers/time_limit.py", line 31, in step
    observation, reward, done, info = self.env.step(action)
  File "/home/starc/miniconda3/envs/robo/lib/python3.8/site-packages/gym/envs/box2d/car_racing.py", line 305, in step
    self.state = self.render("state_pixels")
  File "/home/starc/miniconda3/envs/robo/lib/python3.8/site-packages/gym/envs/box2d/car_racing.py", line 373, in render
    self.render_indicators(WINDOW_W, WINDOW_H)  # TODO: find why 2x needed, wtf
  File "/home/starc/miniconda3/envs/robo/lib/python3.8/site-packages/gym/envs/box2d/car_racing.py", line 456, in render_indicators
    self.score_label.draw()
  File "/home/starc/miniconda3/envs/robo/lib/python3.8/site-packages/pyglet/text/layout.py", line 897, in draw
    self._batch.draw()
  File "/home/starc/miniconda3/envs/robo/lib/python3.8/site-packages/pyglet/graphics/__init__.py", line 560, in draw
    func()
  File "/home/starc/miniconda3/envs/robo/lib/python3.8/site-packages/pyglet/graphics/__init__.py", line 492, in <lambda>
    (lambda d, m: lambda: d.draw(m))(domain, mode))
  File "/home/starc/miniconda3/envs/robo/lib/python3.8/site-packages/pyglet/graphics/vertexdomain.py", line 300, in draw
    buffer.bind()
  File "/home/starc/miniconda3/envs/robo/lib/python3.8/site-packages/pyglet/graphics/vertexbuffer.py", line 396, in bind
    super(MappableVertexBufferObject, self).bind()
  File "/home/starc/miniconda3/envs/robo/lib/python3.8/site-packages/pyglet/graphics/vertexbuffer.py", line 317, in bind
    glBindBuffer(self.target, self.id)
  File "/home/starc/miniconda3/envs/robo/lib/python3.8/site-packages/pyglet/gl/lib.py", line 97, in errcheck
    from pyglet import gl
  File "<frozen importlib._bootstrap>", line 1017, in _handle_fromlist
KeyboardInterrupt
