/home/starc/miniconda3/envs/robo/lib/python3.8/site-packages/torch/nn/functional.py:1639: UserWarning: nn.functional.sigmoid is deprecated. Use torch.sigmoid instead.
  warnings.warn("nn.functional.sigmoid is deprecated. Use torch.sigmoid instead.")
Process Process-14:
Traceback (most recent call last):
  File "/home/starc/miniconda3/envs/robo/lib/python3.8/multiprocessing/process.py", line 315, in _bootstrap
    self.run()
  File "/home/starc/miniconda3/envs/robo/lib/python3.8/multiprocessing/process.py", line 108, in run
    self._target(*self._args, **self._kwargs)
  File "traincontroller.py", line 100, in slave_routine
    r_queue.put((s_id, r_gen.rollout(params)))
  File "/home/starc/Robotics/world-models/utils/misc.py", line 192, in rollout
    obs, reward, done, _ = self.env.step(action)
  File "/home/starc/miniconda3/envs/robo/lib/python3.8/site-packages/gym/wrappers/time_limit.py", line 31, in step
    observation, reward, done, info = self.env.step(action)
  File "/home/starc/miniconda3/envs/robo/lib/python3.8/site-packages/gym/envs/box2d/car_racing.py", line 305, in step
    self.state = self.render("state_pixels")
  File "/home/starc/miniconda3/envs/robo/lib/python3.8/site-packages/gym/envs/box2d/car_racing.py", line 374, in render
    image_data = pyglet.image.get_buffer_manager().get_color_buffer().get_image_data()
  File "/home/starc/miniconda3/envs/robo/lib/python3.8/site-packages/pyglet/image/__init__.py", line 2154, in get_image_data
    glReadPixels(x, y, self.width, self.height,
  File "/home/starc/miniconda3/envs/robo/lib/python3.8/site-packages/pyglet/gl/lib.py", line 85, in errcheck
    def errcheck(result, func, arguments):
KeyboardInterrupt
