/home/starc/miniconda3/envs/robo/lib/python3.8/site-packages/torch/nn/functional.py:1639: UserWarning: nn.functional.sigmoid is deprecated. Use torch.sigmoid instead.
  warnings.warn("nn.functional.sigmoid is deprecated. Use torch.sigmoid instead.")
Process Process-32:
Traceback (most recent call last):
  File "/home/starc/miniconda3/envs/robo/lib/python3.8/multiprocessing/process.py", line 315, in _bootstrap
    self.run()
  File "/home/starc/miniconda3/envs/robo/lib/python3.8/multiprocessing/process.py", line 108, in run
    self._target(*self._args, **self._kwargs)
  File "traincontroller.py", line 100, in slave_routine
    r_queue.put((s_id, r_gen.rollout(params)))
  File "/home/starc/Robotics/world-models/utils/misc.py", line 191, in rollout
    action, hidden = self.get_action_and_transition(obs, hidden)
  File "/home/starc/Robotics/world-models/utils/misc.py", line 159, in get_action_and_transition
    _, latent_mu, _ = self.vae(obs)
  File "/home/starc/miniconda3/envs/robo/lib/python3.8/site-packages/torch/nn/modules/module.py", line 727, in _call_impl
    result = self.forward(*input, **kwargs)
  File "/home/starc/Robotics/world-models/models/vae.py", line 78, in forward
    recon_x = self.decoder(z)
  File "/home/starc/miniconda3/envs/robo/lib/python3.8/site-packages/torch/nn/modules/module.py", line 727, in _call_impl
    result = self.forward(*input, **kwargs)
  File "/home/starc/Robotics/world-models/models/vae.py", line 27, in forward
    x = F.relu(self.deconv1(x))
  File "/home/starc/miniconda3/envs/robo/lib/python3.8/site-packages/torch/nn/functional.py", line 1136, in relu
    result = torch.relu(input)
KeyboardInterrupt
