/home/starc/miniconda3/envs/robo/lib/python3.8/site-packages/torch/nn/functional.py:1639: UserWarning: nn.functional.sigmoid is deprecated. Use torch.sigmoid instead.
  warnings.warn("nn.functional.sigmoid is deprecated. Use torch.sigmoid instead.")
Process Process-30:
Traceback (most recent call last):
  File "/home/starc/miniconda3/envs/robo/lib/python3.8/multiprocessing/process.py", line 315, in _bootstrap
    self.run()
  File "/home/starc/miniconda3/envs/robo/lib/python3.8/multiprocessing/process.py", line 108, in run
    self._target(*self._args, **self._kwargs)
  File "traincontroller.py", line 100, in slave_routine
    r_queue.put((s_id, r_gen.rollout(params)))
  File "/home/starc/Robotics/world-models/utils/misc.py", line 191, in rollout
    action, hidden = self.get_action_and_transition(obs, hidden)
  File "/home/starc/Robotics/world-models/utils/misc.py", line 161, in get_action_and_transition
    _, _, _, _, _, next_hidden = self.mdrnn(action, latent_mu, hidden)
  File "/home/starc/miniconda3/envs/robo/lib/python3.8/site-packages/torch/nn/modules/module.py", line 727, in _call_impl
    result = self.forward(*input, **kwargs)
  File "/home/starc/Robotics/world-models/models/mdrnn.py", line 132, in forward
    next_hidden = self.rnn(in_al, hidden)
  File "/home/starc/miniconda3/envs/robo/lib/python3.8/site-packages/torch/nn/modules/module.py", line 727, in _call_impl
    result = self.forward(*input, **kwargs)
  File "/home/starc/miniconda3/envs/robo/lib/python3.8/site-packages/torch/nn/modules/rnn.py", line 971, in forward
    return _VF.lstm_cell(
KeyboardInterrupt
